<?xml version="1.0" encoding="UTF-8"?>
<testsuite xmlns:xsi="http://www.w3.org/2001/XMLSchema-instance" xsi:noNamespaceSchemaLocation="https://maven.apache.org/surefire/maven-surefire-plugin/xsd/surefire-test-report.xsd" name="fr.carbonit.treasurehunt.businessservice.carte.impl.CarteBSImplTest" time="0.55" tests="7" errors="0" skipped="0" failures="0">
  <properties>
    <property name="sun.desktop" value="windows"/>
    <property name="awt.toolkit" value="sun.awt.windows.WToolkit"/>
    <property name="file.encoding.pkg" value="sun.io"/>
    <property name="java.specification.version" value="1.8"/>
    <property name="sun.cpu.isalist" value="amd64"/>
    <property name="sun.jnu.encoding" value="Cp1252"/>
    <property name="java.class.path" value="D:\Dev_projet\treasure-hunt\target\test-classes;D:\Dev_projet\treasure-hunt\target\classes;D:\m2repo\org\springframework\boot\spring-boot-starter-web\2.4.4\spring-boot-starter-web-2.4.4.jar;D:\m2repo\org\springframework\boot\spring-boot-starter\2.4.4\spring-boot-starter-2.4.4.jar;D:\m2repo\org\springframework\boot\spring-boot\2.4.4\spring-boot-2.4.4.jar;D:\m2repo\org\springframework\boot\spring-boot-autoconfigure\2.4.4\spring-boot-autoconfigure-2.4.4.jar;D:\m2repo\org\springframework\boot\spring-boot-starter-logging\2.4.4\spring-boot-starter-logging-2.4.4.jar;D:\m2repo\ch\qos\logback\logback-classic\1.2.3\logback-classic-1.2.3.jar;D:\m2repo\ch\qos\logback\logback-core\1.2.3\logback-core-1.2.3.jar;D:\m2repo\org\apache\logging\log4j\log4j-to-slf4j\2.13.3\log4j-to-slf4j-2.13.3.jar;D:\m2repo\org\slf4j\jul-to-slf4j\1.7.30\jul-to-slf4j-1.7.30.jar;D:\m2repo\jakarta\annotation\jakarta.annotation-api\1.3.5\jakarta.annotation-api-1.3.5.jar;D:\m2repo\org\yaml\snakeyaml\1.27\snakeyaml-1.27.jar;D:\m2repo\org\springframework\boot\spring-boot-starter-json\2.4.4\spring-boot-starter-json-2.4.4.jar;D:\m2repo\com\fasterxml\jackson\core\jackson-databind\2.11.4\jackson-databind-2.11.4.jar;D:\m2repo\com\fasterxml\jackson\core\jackson-annotations\2.11.4\jackson-annotations-2.11.4.jar;D:\m2repo\com\fasterxml\jackson\core\jackson-core\2.11.4\jackson-core-2.11.4.jar;D:\m2repo\com\fasterxml\jackson\datatype\jackson-datatype-jdk8\2.11.4\jackson-datatype-jdk8-2.11.4.jar;D:\m2repo\com\fasterxml\jackson\datatype\jackson-datatype-jsr310\2.11.4\jackson-datatype-jsr310-2.11.4.jar;D:\m2repo\com\fasterxml\jackson\module\jackson-module-parameter-names\2.11.4\jackson-module-parameter-names-2.11.4.jar;D:\m2repo\org\springframework\boot\spring-boot-starter-tomcat\2.4.4\spring-boot-starter-tomcat-2.4.4.jar;D:\m2repo\org\apache\tomcat\embed\tomcat-embed-core\9.0.44\tomcat-embed-core-9.0.44.jar;D:\m2repo\org\glassfish\jakarta.el\3.0.3\jakarta.el-3.0.3.jar;D:\m2repo\org\apache\tomcat\embed\tomcat-embed-websocket\9.0.44\tomcat-embed-websocket-9.0.44.jar;D:\m2repo\org\springframework\spring-web\5.3.5\spring-web-5.3.5.jar;D:\m2repo\org\springframework\spring-beans\5.3.5\spring-beans-5.3.5.jar;D:\m2repo\org\springframework\spring-webmvc\5.3.5\spring-webmvc-5.3.5.jar;D:\m2repo\org\springframework\spring-aop\5.3.5\spring-aop-5.3.5.jar;D:\m2repo\org\springframework\spring-context\5.3.5\spring-context-5.3.5.jar;D:\m2repo\org\springframework\spring-expression\5.3.5\spring-expression-5.3.5.jar;D:\m2repo\org\mockito\mockito-junit-jupiter\2.28.2\mockito-junit-jupiter-2.28.2.jar;D:\m2repo\org\mockito\mockito-core\2.28.2\mockito-core-2.28.2.jar;D:\m2repo\net\bytebuddy\byte-buddy\1.10.22\byte-buddy-1.10.22.jar;D:\m2repo\net\bytebuddy\byte-buddy-agent\1.10.22\byte-buddy-agent-1.10.22.jar;D:\m2repo\org\objenesis\objenesis\2.6\objenesis-2.6.jar;D:\m2repo\org\junit\jupiter\junit-jupiter-api\5.4.2\junit-jupiter-api-5.4.2.jar;D:\m2repo\org\apiguardian\apiguardian-api\1.0.0\apiguardian-api-1.0.0.jar;D:\m2repo\org\opentest4j\opentest4j\1.1.1\opentest4j-1.1.1.jar;D:\m2repo\org\junit\platform\junit-platform-commons\1.7.1\junit-platform-commons-1.7.1.jar;D:\m2repo\org\junit\jupiter\junit-jupiter-engine\5.4.2\junit-jupiter-engine-5.4.2.jar;D:\m2repo\org\junit\platform\junit-platform-engine\1.7.1\junit-platform-engine-1.7.1.jar;D:\m2repo\org\junit\platform\junit-platform-launcher\1.7.1\junit-platform-launcher-1.7.1.jar;D:\m2repo\org\springframework\boot\spring-boot-starter-test\2.4.4\spring-boot-starter-test-2.4.4.jar;D:\m2repo\org\springframework\boot\spring-boot-test\2.4.4\spring-boot-test-2.4.4.jar;D:\m2repo\org\springframework\boot\spring-boot-test-autoconfigure\2.4.4\spring-boot-test-autoconfigure-2.4.4.jar;D:\m2repo\com\jayway\jsonpath\json-path\2.4.0\json-path-2.4.0.jar;D:\m2repo\net\minidev\json-smart\2.3\json-smart-2.3.jar;D:\m2repo\net\minidev\accessors-smart\1.2\accessors-smart-1.2.jar;D:\m2repo\org\ow2\asm\asm\5.0.4\asm-5.0.4.jar;D:\m2repo\org\slf4j\slf4j-api\1.7.30\slf4j-api-1.7.30.jar;D:\m2repo\jakarta\xml\bind\jakarta.xml.bind-api\2.3.3\jakarta.xml.bind-api-2.3.3.jar;D:\m2repo\jakarta\activation\jakarta.activation-api\1.2.2\jakarta.activation-api-1.2.2.jar;D:\m2repo\org\assertj\assertj-core\3.18.1\assertj-core-3.18.1.jar;D:\m2repo\org\hamcrest\hamcrest\2.2\hamcrest-2.2.jar;D:\m2repo\org\junit\jupiter\junit-jupiter\5.7.1\junit-jupiter-5.7.1.jar;D:\m2repo\org\junit\jupiter\junit-jupiter-params\5.7.1\junit-jupiter-params-5.7.1.jar;D:\m2repo\org\skyscreamer\jsonassert\1.5.0\jsonassert-1.5.0.jar;D:\m2repo\com\vaadin\external\google\android-json\0.0.20131108.vaadin1\android-json-0.0.20131108.vaadin1.jar;D:\m2repo\org\springframework\spring-core\5.3.5\spring-core-5.3.5.jar;D:\m2repo\org\springframework\spring-jcl\5.3.5\spring-jcl-5.3.5.jar;D:\m2repo\org\springframework\spring-test\5.3.5\spring-test-5.3.5.jar;D:\m2repo\org\xmlunit\xmlunit-core\2.7.0\xmlunit-core-2.7.0.jar;D:\m2repo\org\apache\logging\log4j\log4j-api\2.14.1\log4j-api-2.14.1.jar;D:\m2repo\org\apache\logging\log4j\log4j-core\2.14.1\log4j-core-2.14.1.jar;"/>
    <property name="java.vm.vendor" value="Oracle Corporation"/>
    <property name="sun.arch.data.model" value="64"/>
    <property name="user.variant" value=""/>
    <property name="java.vendor.url" value="http://java.oracle.com/"/>
    <property name="user.timezone" value="Europe/Paris"/>
    <property name="java.vm.specification.version" value="1.8"/>
    <property name="os.name" value="Windows 10"/>
    <property name="user.country" value="FR"/>
    <property name="sun.java.launcher" value="SUN_STANDARD"/>
    <property name="sun.boot.library.path" value="D:\tools\java\OracleJDK-8u202\jre\bin"/>
    <property name="sun.java.command" value="C:\Users\LUC~1.DEN\AppData\Local\Temp\surefire2423212325884577673\surefirebooter8153454875881336423.jar C:\Users\luc.denoyel\AppData\Local\Temp\surefire2423212325884577673 2021-03-21T18-18-36_031-jvmRun1 surefire6560313528175261044tmp surefire_01561409221278194387tmp"/>
    <property name="surefire.test.class.path" value="D:\Dev_projet\treasure-hunt\target\test-classes;D:\Dev_projet\treasure-hunt\target\classes;D:\m2repo\org\springframework\boot\spring-boot-starter-web\2.4.4\spring-boot-starter-web-2.4.4.jar;D:\m2repo\org\springframework\boot\spring-boot-starter\2.4.4\spring-boot-starter-2.4.4.jar;D:\m2repo\org\springframework\boot\spring-boot\2.4.4\spring-boot-2.4.4.jar;D:\m2repo\org\springframework\boot\spring-boot-autoconfigure\2.4.4\spring-boot-autoconfigure-2.4.4.jar;D:\m2repo\org\springframework\boot\spring-boot-starter-logging\2.4.4\spring-boot-starter-logging-2.4.4.jar;D:\m2repo\ch\qos\logback\logback-classic\1.2.3\logback-classic-1.2.3.jar;D:\m2repo\ch\qos\logback\logback-core\1.2.3\logback-core-1.2.3.jar;D:\m2repo\org\apache\logging\log4j\log4j-to-slf4j\2.13.3\log4j-to-slf4j-2.13.3.jar;D:\m2repo\org\slf4j\jul-to-slf4j\1.7.30\jul-to-slf4j-1.7.30.jar;D:\m2repo\jakarta\annotation\jakarta.annotation-api\1.3.5\jakarta.annotation-api-1.3.5.jar;D:\m2repo\org\yaml\snakeyaml\1.27\snakeyaml-1.27.jar;D:\m2repo\org\springframework\boot\spring-boot-starter-json\2.4.4\spring-boot-starter-json-2.4.4.jar;D:\m2repo\com\fasterxml\jackson\core\jackson-databind\2.11.4\jackson-databind-2.11.4.jar;D:\m2repo\com\fasterxml\jackson\core\jackson-annotations\2.11.4\jackson-annotations-2.11.4.jar;D:\m2repo\com\fasterxml\jackson\core\jackson-core\2.11.4\jackson-core-2.11.4.jar;D:\m2repo\com\fasterxml\jackson\datatype\jackson-datatype-jdk8\2.11.4\jackson-datatype-jdk8-2.11.4.jar;D:\m2repo\com\fasterxml\jackson\datatype\jackson-datatype-jsr310\2.11.4\jackson-datatype-jsr310-2.11.4.jar;D:\m2repo\com\fasterxml\jackson\module\jackson-module-parameter-names\2.11.4\jackson-module-parameter-names-2.11.4.jar;D:\m2repo\org\springframework\boot\spring-boot-starter-tomcat\2.4.4\spring-boot-starter-tomcat-2.4.4.jar;D:\m2repo\org\apache\tomcat\embed\tomcat-embed-core\9.0.44\tomcat-embed-core-9.0.44.jar;D:\m2repo\org\glassfish\jakarta.el\3.0.3\jakarta.el-3.0.3.jar;D:\m2repo\org\apache\tomcat\embed\tomcat-embed-websocket\9.0.44\tomcat-embed-websocket-9.0.44.jar;D:\m2repo\org\springframework\spring-web\5.3.5\spring-web-5.3.5.jar;D:\m2repo\org\springframework\spring-beans\5.3.5\spring-beans-5.3.5.jar;D:\m2repo\org\springframework\spring-webmvc\5.3.5\spring-webmvc-5.3.5.jar;D:\m2repo\org\springframework\spring-aop\5.3.5\spring-aop-5.3.5.jar;D:\m2repo\org\springframework\spring-context\5.3.5\spring-context-5.3.5.jar;D:\m2repo\org\springframework\spring-expression\5.3.5\spring-expression-5.3.5.jar;D:\m2repo\org\mockito\mockito-junit-jupiter\2.28.2\mockito-junit-jupiter-2.28.2.jar;D:\m2repo\org\mockito\mockito-core\2.28.2\mockito-core-2.28.2.jar;D:\m2repo\net\bytebuddy\byte-buddy\1.10.22\byte-buddy-1.10.22.jar;D:\m2repo\net\bytebuddy\byte-buddy-agent\1.10.22\byte-buddy-agent-1.10.22.jar;D:\m2repo\org\objenesis\objenesis\2.6\objenesis-2.6.jar;D:\m2repo\org\junit\jupiter\junit-jupiter-api\5.4.2\junit-jupiter-api-5.4.2.jar;D:\m2repo\org\apiguardian\apiguardian-api\1.0.0\apiguardian-api-1.0.0.jar;D:\m2repo\org\opentest4j\opentest4j\1.1.1\opentest4j-1.1.1.jar;D:\m2repo\org\junit\platform\junit-platform-commons\1.7.1\junit-platform-commons-1.7.1.jar;D:\m2repo\org\junit\jupiter\junit-jupiter-engine\5.4.2\junit-jupiter-engine-5.4.2.jar;D:\m2repo\org\junit\platform\junit-platform-engine\1.7.1\junit-platform-engine-1.7.1.jar;D:\m2repo\org\junit\platform\junit-platform-launcher\1.7.1\junit-platform-launcher-1.7.1.jar;D:\m2repo\org\springframework\boot\spring-boot-starter-test\2.4.4\spring-boot-starter-test-2.4.4.jar;D:\m2repo\org\springframework\boot\spring-boot-test\2.4.4\spring-boot-test-2.4.4.jar;D:\m2repo\org\springframework\boot\spring-boot-test-autoconfigure\2.4.4\spring-boot-test-autoconfigure-2.4.4.jar;D:\m2repo\com\jayway\jsonpath\json-path\2.4.0\json-path-2.4.0.jar;D:\m2repo\net\minidev\json-smart\2.3\json-smart-2.3.jar;D:\m2repo\net\minidev\accessors-smart\1.2\accessors-smart-1.2.jar;D:\m2repo\org\ow2\asm\asm\5.0.4\asm-5.0.4.jar;D:\m2repo\org\slf4j\slf4j-api\1.7.30\slf4j-api-1.7.30.jar;D:\m2repo\jakarta\xml\bind\jakarta.xml.bind-api\2.3.3\jakarta.xml.bind-api-2.3.3.jar;D:\m2repo\jakarta\activation\jakarta.activation-api\1.2.2\jakarta.activation-api-1.2.2.jar;D:\m2repo\org\assertj\assertj-core\3.18.1\assertj-core-3.18.1.jar;D:\m2repo\org\hamcrest\hamcrest\2.2\hamcrest-2.2.jar;D:\m2repo\org\junit\jupiter\junit-jupiter\5.7.1\junit-jupiter-5.7.1.jar;D:\m2repo\org\junit\jupiter\junit-jupiter-params\5.7.1\junit-jupiter-params-5.7.1.jar;D:\m2repo\org\skyscreamer\jsonassert\1.5.0\jsonassert-1.5.0.jar;D:\m2repo\com\vaadin\external\google\android-json\0.0.20131108.vaadin1\android-json-0.0.20131108.vaadin1.jar;D:\m2repo\org\springframework\spring-core\5.3.5\spring-core-5.3.5.jar;D:\m2repo\org\springframework\spring-jcl\5.3.5\spring-jcl-5.3.5.jar;D:\m2repo\org\springframework\spring-test\5.3.5\spring-test-5.3.5.jar;D:\m2repo\org\xmlunit\xmlunit-core\2.7.0\xmlunit-core-2.7.0.jar;D:\m2repo\org\apache\logging\log4j\log4j-api\2.14.1\log4j-api-2.14.1.jar;D:\m2repo\org\apache\logging\log4j\log4j-core\2.14.1\log4j-core-2.14.1.jar;"/>
    <property name="sun.cpu.endian" value="little"/>
    <property name="user.home" value="C:\Users\luc.denoyel"/>
    <property name="user.language" value="fr"/>
    <property name="java.specification.vendor" value="Oracle Corporation"/>
    <property name="java.home" value="D:\tools\java\OracleJDK-8u202\jre"/>
    <property name="basedir" value="D:\Dev_projet\treasure-hunt"/>
    <property name="file.separator" value="\"/>
    <property name="line.separator" value="&#10;"/>
    <property name="java.vm.specification.vendor" value="Oracle Corporation"/>
    <property name="java.specification.name" value="Java Platform API Specification"/>
    <property name="java.awt.graphicsenv" value="sun.awt.Win32GraphicsEnvironment"/>
    <property name="surefire.real.class.path" value="C:\Users\LUC~1.DEN\AppData\Local\Temp\surefire2423212325884577673\surefirebooter8153454875881336423.jar"/>
    <property name="sun.boot.class.path" value="D:\tools\java\OracleJDK-8u202\jre\lib\resources.jar;D:\tools\java\OracleJDK-8u202\jre\lib\rt.jar;D:\tools\java\OracleJDK-8u202\jre\lib\sunrsasign.jar;D:\tools\java\OracleJDK-8u202\jre\lib\jsse.jar;D:\tools\java\OracleJDK-8u202\jre\lib\jce.jar;D:\tools\java\OracleJDK-8u202\jre\lib\charsets.jar;D:\tools\java\OracleJDK-8u202\jre\lib\jfr.jar;D:\tools\java\OracleJDK-8u202\jre\classes"/>
    <property name="user.script" value=""/>
    <property name="sun.management.compiler" value="HotSpot 64-Bit Tiered Compilers"/>
    <property name="java.runtime.version" value="1.8.0_202-b08"/>
    <property name="user.name" value="luc.denoyel"/>
    <property name="path.separator" value=";"/>
    <property name="os.version" value="10.0"/>
    <property name="java.endorsed.dirs" value="D:\tools\java\OracleJDK-8u202\jre\lib\endorsed"/>
    <property name="java.runtime.name" value="Java(TM) SE Runtime Environment"/>
    <property name="file.encoding" value="Cp1252"/>
    <property name="java.vm.name" value="Java HotSpot(TM) 64-Bit Server VM"/>
    <property name="localRepository" value="D:\m2repo"/>
    <property name="java.vendor.url.bug" value="http://bugreport.sun.com/bugreport/"/>
    <property name="java.io.tmpdir" value="C:\Users\LUC~1.DEN\AppData\Local\Temp\"/>
    <property name="java.version" value="1.8.0_202"/>
    <property name="user.dir" value="D:\Dev_projet\treasure-hunt"/>
    <property name="os.arch" value="amd64"/>
    <property name="java.vm.specification.name" value="Java Virtual Machine Specification"/>
    <property name="java.awt.printerjob" value="sun.awt.windows.WPrinterJob"/>
    <property name="sun.os.patch.level" value=""/>
    <property name="idea.version2019.3.4" value="true"/>
    <property name="java.library.path" value="D:\tools\java\OracleJDK-8u202\jre\bin;C:\windows\Sun\Java\bin;C:\windows\system32;C:\windows;D:\tools\java\AdoptOpenJDK-11.0.6_10\bin;C:\Program Files (x86)\Common Files\Oracle\Java\javapath;D:\tools\python\2.7.13\;D:\tools\python\2.7.13\Scripts;C:\windows\system32;C:\windows;C:\windows\System32\Wbem;C:\windows\System32\WindowsPowerShell\v1.0\;C:\windows\System32\OpenSSH\;D:\tools\git\2.26.0\cmd;D:\tools\nvm\1.1.7;D:\tools\nvm\SYMLINK;D:\tools\vscode\1.43.2\bin;D:\tools\tortoisegit\2.10.0.2\bin;D:\tools\maven\3.6.3\bin;C:\Users\luc.denoyel\AppData\Local\Microsoft\WindowsApps;D:\tools\nvm\1.1.7;D:\tools\nvm\SYMLINK;."/>
    <property name="java.vm.info" value="mixed mode"/>
    <property name="java.vendor" value="Oracle Corporation"/>
    <property name="java.vm.version" value="25.202-b08"/>
    <property name="java.ext.dirs" value="D:\tools\java\OracleJDK-8u202\jre\lib\ext;C:\windows\Sun\Java\lib\ext"/>
    <property name="sun.io.unicode.encoding" value="UnicodeLittle"/>
    <property name="maven.repo.local" value="D:\m2repo"/>
    <property name="java.class.version" value="52.0"/>
  </properties>
  <testcase name="placerAventurier" classname="fr.carbonit.treasurehunt.businessservice.carte.impl.CarteBSImplTest" time="0.062"/>
  <testcase name="isInsideMap_false" classname="fr.carbonit.treasurehunt.businessservice.carte.impl.CarteBSImplTest" time="0.053"/>
  <testcase name="estCaseAccessible_false_Aventurier" classname="fr.carbonit.treasurehunt.businessservice.carte.impl.CarteBSImplTest" time="0.069"/>
  <testcase name="estCaseAccessible_true" classname="fr.carbonit.treasurehunt.businessservice.carte.impl.CarteBSImplTest" time="0.062"/>
  <testcase name="estCaseAccessible_false_montagne" classname="fr.carbonit.treasurehunt.businessservice.carte.impl.CarteBSImplTest" time="0.069"/>
  <testcase name="isInsideMap_true" classname="fr.carbonit.treasurehunt.businessservice.carte.impl.CarteBSImplTest" time="0.053"/>
  <testcase name="trouverDimension" classname="fr.carbonit.treasurehunt.businessservice.carte.impl.CarteBSImplTest" time="0.053"/>
</testsuite>